Build started 4/21/2012 5:05:42 PM.
     1>Project "C:\Kinect\KinectTouch\InjectTouch\InjectTouch.vcxproj" on node 2 (Build target(s)).
         C:\Program Files (x86)\Microsoft Visual Studio 11.0\VC\bin\CL.exe /c /Zi /nologo /W3 /WX- /Od /Oy- /D WIN32 /D _DEBUG /D _WINDOWS /D _WINDLL /D _UNICODE /D UNICODE /Gm /EHsc /RTC1 /MDd /GS /fp:precise /Zc:wchar_t /Zc:forScope /Fo"Debug\\" /Fd"Debug\vc110.pdb" /Gd /TP /analyze- /errorReport:prompt stdafx.cpp InjectTouch.cpp
         InjectTouch.cpp
     1>InjectTouch.cpp(57): warning C4800: 'BOOL' : forcing value to bool 'true' or 'false' (performance warning)
     1>InjectTouch.cpp(188): warning C4800: 'BOOL' : forcing value to bool 'true' or 'false' (performance warning)
     1>InjectTouch.cpp(200): warning C4800: 'BOOL' : forcing value to bool 'true' or 'false' (performance warning)
         stdafx.cpp
         Generating Code...
         C:\Program Files (x86)\Windows Kits\8.0\bin\x86\rc.exe /nologo /fo"Debug\InjectTouch.dll.embed.manifest.res" Debug\InjectTouch_manifest.rc 
         C:\Program Files (x86)\Microsoft Visual Studio 11.0\VC\bin\link.exe /ERRORREPORT:PROMPT /OUT:"C:\Kinect\KinectTouch\Debug\InjectTouch.dll" /INCREMENTAL /NOLOGO kernel32.lib user32.lib gdi32.lib winspool.lib comdlg32.lib advapi32.lib shell32.lib ole32.lib oleaut32.lib uuid.lib odbc32.lib odbccp32.lib /MANIFEST /ManifestFile:"Debug\InjectTouch.dll.intermediate.manifest" /MANIFESTUAC:"level='asInvoker' uiAccess='false'" /DEBUG /PDB:"C:\Kinect\KinectTouch\Debug\InjectTouch.pdb" /SUBSYSTEM:WINDOWS /TLBID:1 /DYNAMICBASE /NXCOMPAT /IMPLIB:"C:\Kinect\KinectTouch\Debug\InjectTouch.lib" /MACHINE:X86 /DLL Debug\InjectTouch.res
         Debug\stdafx.obj
         Debug\InjectTouch.obj
         Debug\InjectTouch.dll.embed.manifest.res
         LINK : C:\Kinect\KinectTouch\Debug\InjectTouch.dll not found or not built by the last incremental link; performing full link
            Creating library C:\Kinect\KinectTouch\Debug\InjectTouch.lib and object C:\Kinect\KinectTouch\Debug\InjectTouch.exp
         C:\Program Files (x86)\Windows Kits\8.0\bin\x86\mt.exe /nologo /verbose /out:"Debug\InjectTouch.dll.embed.manifest" /manifest Debug\InjectTouch.dll.intermediate.manifest
         InjectTouch.vcxproj -> C:\Kinect\KinectTouch\Debug\InjectTouch.dll
     1>Done Building Project "C:\Kinect\KinectTouch\InjectTouch\InjectTouch.vcxproj" (Build target(s)).

Build succeeded.

Time Elapsed 00:00:03.12
